./sdriver.pl -t trace01.txt -s ./tsh -a "-p"
#
# trace01.txt - Properly terminate on EOF.
#
./sdriver.pl -t trace02.txt -s ./tsh -a "-p"
#
# trace02.txt - Process builtin quit command.
#
./sdriver.pl -t trace03.txt -s ./tsh -a "-p"
#
# trace03.txt - Run a foreground job.
#
tsh> quit
./sdriver.pl -t trace04.txt -s ./tsh -a "-p"
#
# trace04.txt - Run a background job.
#
tsh> ./myspin 1 &
[1] (908318) ./myspin 1 &
./sdriver.pl -t trace05.txt -s ./tsh -a "-p"
#
# trace05.txt - Process jobs builtin command.
#
tsh> ./myspin 2 &
[1] (908336) ./myspin 2 &
tsh> ./myspin 3 &
[2] (908338) ./myspin 3 &
tsh> jobs
[1] (908336) Running ./myspin 2 &
[2] (908338) Running ./myspin 3 &
./sdriver.pl -t trace06.txt -s ./tsh -a "-p"
#
# trace06.txt - Forward SIGINT to foreground job.
#
tsh> ./myspin 4
Job [1] (908369) terminated by signal 2
./sdriver.pl -t trace07.txt -s ./tsh -a "-p"
#
# trace07.txt - Forward SIGINT only to foreground job.
#
tsh> ./myspin 4 &
[1] (908382) ./myspin 4 &
tsh> ./myspin 5
Job [2] (908384) terminated by signal 2
tsh> jobs
[1] (908382) Running ./myspin 4 &
./sdriver.pl -t trace08.txt -s ./tsh -a "-p"
#
# trace08.txt - Forward SIGTSTP only to foreground job.
#
tsh> ./myspin 4 &
[1] (908398) ./myspin 4 &
tsh> ./myspin 5
Job [2] (908400) stopped by signal 20
tsh> jobs
[1] (908398) Running ./myspin 4 &
[2] (908400) Stopped ./myspin 5 
./sdriver.pl -t trace09.txt -s ./tsh -a "-p"
#
# trace09.txt - Process bg builtin command
#
tsh> ./myspin 4 &
[1] (908410) ./myspin 4 &
tsh> ./myspin 5
Job [2] (908412) stopped by signal 20
tsh> jobs
[1] (908410) Running ./myspin 4 &
[2] (908412) Stopped ./myspin 5 
tsh> bg %2
[2] (908412) ./myspin 5 
tsh> jobs
[1] (908410) Running ./myspin 4 &
[2] (908412) Running ./myspin 5 
./sdriver.pl -t trace10.txt -s ./tsh -a "-p"
#
# trace10.txt - Process fg builtin command. 
#
tsh> ./myspin 4 &
[1] (908424) ./myspin 4 &
tsh> fg %1
Job [1] (908424) stopped by signal 20
tsh> jobs
[1] (908424) Stopped ./myspin 4 &
tsh> fg %1
tsh> jobs
./sdriver.pl -t trace11.txt -s ./tsh -a "-p"
#
# trace11.txt - Forward SIGINT to every process in foreground process group
#
tsh> ./mysplit 4
Job [1] (908437) terminated by signal 2
tsh> /bin/ps a
    PID TTY      STAT   TIME COMMAND
    936 tty1     Ss     0:00 /bin/login -p --
   1209 tty1     S+     0:00 -bash
 861472 pts/1    Ss+    0:00 /bin/bash --init-file /home/yuchuan/.vscode-server/cli/servers/Stable-7c6fdfb0b8f2f675eb0b47f3d95eeca78962565b/server/out/vs/workbench/contrib/terminal/common/scripts/shellIntegration-bash.sh
 861499 pts/2    Ss     0:00 /bin/bash --init-file /home/yuchuan/.vscode-server/cli/servers/Stable-7c6fdfb0b8f2f675eb0b47f3d95eeca78962565b/server/out/vs/workbench/contrib/terminal/common/scripts/shellIntegration-bash.sh
 865753 pts/3    Ss+    0:00 /bin/bash --init-file /home/yuchuan/.vscode-server/cli/servers/Stable-7c6fdfb0b8f2f675eb0b47f3d95eeca78962565b/server/out/vs/workbench/contrib/terminal/common/scripts/shellIntegration-bash.sh
 880299 pts/0    Ss+    0:00 /bin/bash --init-file /home/yuchuan/.vscode-server/cli/servers/Stable-7c6fdfb0b8f2f675eb0b47f3d95eeca78962565b/server/out/vs/workbench/contrib/terminal/common/scripts/shellIntegration-bash.sh
 908303 pts/2    S+     0:00 make tests
 908433 pts/2    S+     0:00 /bin/sh -c ./sdriver.pl -t trace11.txt -s ./tsh -a "-p"
 908434 pts/2    S+     0:00 /usr/bin/perl ./sdriver.pl -t trace11.txt -s ./tsh -a -p
 908435 pts/2    S+     0:00 ./tsh -p
 908440 pts/2    R      0:00 /bin/ps a
./sdriver.pl -t trace12.txt -s ./tsh -a "-p"
#
# trace12.txt - Forward SIGTSTP to every process in foreground process group
#
tsh> ./mysplit 4
Job [1] (908445) stopped by signal 20
tsh> jobs
[1] (908445) Stopped ./mysplit 4 
tsh> /bin/ps a
    PID TTY      STAT   TIME COMMAND
    936 tty1     Ss     0:00 /bin/login -p --
   1209 tty1     S+     0:00 -bash
 861472 pts/1    Ss+    0:00 /bin/bash --init-file /home/yuchuan/.vscode-server/cli/servers/Stable-7c6fdfb0b8f2f675eb0b47f3d95eeca78962565b/server/out/vs/workbench/contrib/terminal/common/scripts/shellIntegration-bash.sh
 861499 pts/2    Ss     0:00 /bin/bash --init-file /home/yuchuan/.vscode-server/cli/servers/Stable-7c6fdfb0b8f2f675eb0b47f3d95eeca78962565b/server/out/vs/workbench/contrib/terminal/common/scripts/shellIntegration-bash.sh
 865753 pts/3    Ss+    0:00 /bin/bash --init-file /home/yuchuan/.vscode-server/cli/servers/Stable-7c6fdfb0b8f2f675eb0b47f3d95eeca78962565b/server/out/vs/workbench/contrib/terminal/common/scripts/shellIntegration-bash.sh
 880299 pts/0    Ss+    0:00 /bin/bash --init-file /home/yuchuan/.vscode-server/cli/servers/Stable-7c6fdfb0b8f2f675eb0b47f3d95eeca78962565b/server/out/vs/workbench/contrib/terminal/common/scripts/shellIntegration-bash.sh
 908303 pts/2    S+     0:00 make tests
 908441 pts/2    S+     0:00 /bin/sh -c ./sdriver.pl -t trace12.txt -s ./tsh -a "-p"
 908442 pts/2    S+     0:00 /usr/bin/perl ./sdriver.pl -t trace12.txt -s ./tsh -a -p
 908443 pts/2    S+     0:00 ./tsh -p
 908445 pts/2    T      0:00 ./mysplit 4
 908446 pts/2    T      0:00 ./mysplit 4
 908449 pts/2    R      0:00 /bin/ps a
./sdriver.pl -t trace13.txt -s ./tsh -a "-p"
#
# trace13.txt - Restart every stopped process in process group
#
tsh> ./mysplit 4
Job [1] (908458) stopped by signal 20
tsh> jobs
[1] (908458) Stopped ./mysplit 4 
tsh> /bin/ps a
    PID TTY      STAT   TIME COMMAND
    936 tty1     Ss     0:00 /bin/login -p --
   1209 tty1     S+     0:00 -bash
 861472 pts/1    Ss+    0:00 /bin/bash --init-file /home/yuchuan/.vscode-server/cli/servers/Stable-7c6fdfb0b8f2f675eb0b47f3d95eeca78962565b/server/out/vs/workbench/contrib/terminal/common/scripts/shellIntegration-bash.sh
 861499 pts/2    Ss     0:00 /bin/bash --init-file /home/yuchuan/.vscode-server/cli/servers/Stable-7c6fdfb0b8f2f675eb0b47f3d95eeca78962565b/server/out/vs/workbench/contrib/terminal/common/scripts/shellIntegration-bash.sh
 865753 pts/3    Ss+    0:00 /bin/bash --init-file /home/yuchuan/.vscode-server/cli/servers/Stable-7c6fdfb0b8f2f675eb0b47f3d95eeca78962565b/server/out/vs/workbench/contrib/terminal/common/scripts/shellIntegration-bash.sh
 880299 pts/0    Ss+    0:00 /bin/bash --init-file /home/yuchuan/.vscode-server/cli/servers/Stable-7c6fdfb0b8f2f675eb0b47f3d95eeca78962565b/server/out/vs/workbench/contrib/terminal/common/scripts/shellIntegration-bash.sh
 908303 pts/2    S+     0:00 make tests
 908452 pts/2    S+     0:00 /bin/sh -c ./sdriver.pl -t trace13.txt -s ./tsh -a "-p"
 908453 pts/2    S+     0:00 /usr/bin/perl ./sdriver.pl -t trace13.txt -s ./tsh -a -p
 908456 pts/2    S+     0:00 ./tsh -p
 908458 pts/2    T      0:00 ./mysplit 4
 908459 pts/2    T      0:00 ./mysplit 4
 908462 pts/2    R      0:00 /bin/ps a
tsh> fg %1
tsh> /bin/ps a
    PID TTY      STAT   TIME COMMAND
    936 tty1     Ss     0:00 /bin/login -p --
   1209 tty1     S+     0:00 -bash
 861472 pts/1    Ss+    0:00 /bin/bash --init-file /home/yuchuan/.vscode-server/cli/servers/Stable-7c6fdfb0b8f2f675eb0b47f3d95eeca78962565b/server/out/vs/workbench/contrib/terminal/common/scripts/shellIntegration-bash.sh
 861499 pts/2    Ss     0:00 /bin/bash --init-file /home/yuchuan/.vscode-server/cli/servers/Stable-7c6fdfb0b8f2f675eb0b47f3d95eeca78962565b/server/out/vs/workbench/contrib/terminal/common/scripts/shellIntegration-bash.sh
 865753 pts/3    Ss+    0:00 /bin/bash --init-file /home/yuchuan/.vscode-server/cli/servers/Stable-7c6fdfb0b8f2f675eb0b47f3d95eeca78962565b/server/out/vs/workbench/contrib/terminal/common/scripts/shellIntegration-bash.sh
 880299 pts/0    Ss+    0:00 /bin/bash --init-file /home/yuchuan/.vscode-server/cli/servers/Stable-7c6fdfb0b8f2f675eb0b47f3d95eeca78962565b/server/out/vs/workbench/contrib/terminal/common/scripts/shellIntegration-bash.sh
 908303 pts/2    S+     0:00 make tests
 908452 pts/2    S+     0:00 /bin/sh -c ./sdriver.pl -t trace13.txt -s ./tsh -a "-p"
 908453 pts/2    S+     0:00 /usr/bin/perl ./sdriver.pl -t trace13.txt -s ./tsh -a -p
 908456 pts/2    S+     0:00 ./tsh -p
 908465 pts/2    R      0:00 /bin/ps a
./sdriver.pl -t trace14.txt -s ./tsh -a "-p"
#
# trace14.txt - Simple error handling
#
tsh> ./bogus
./bogus: Command not found
tsh> ./myspin 4 &
[1] (908472) ./myspin 4 &
tsh> fg
fg command requires PID or %jobid argument
tsh> bg
bg command requires PID or %jobid argument
tsh> fg a
fg: argument must be a PID or %jobid
tsh> bg a
bg: argument must be a PID or %jobid
tsh> fg 9999999
(9999999): No such process
tsh> bg 9999999
(9999999): No such process
tsh> fg %2
%2: No such job
tsh> fg %1
Job [1] (908472) stopped by signal 20
tsh> bg %2
%2: No such job
tsh> bg %1
[1] (908472) ./myspin 4 &
tsh> jobs
[1] (908472) Running ./myspin 4 &
./sdriver.pl -t trace15.txt -s ./tsh -a "-p"
#
# trace15.txt - Putting it all together
#
tsh> ./bogus
./bogus: Command not found
tsh> ./myspin 10
Job [1] (908494) terminated by signal 2
tsh> ./myspin 3 &
[1] (908500) ./myspin 3 &
tsh> ./myspin 4 &
[2] (908502) ./myspin 4 &
tsh> jobs
[1] (908500) Running ./myspin 3 &
[2] (908502) Running ./myspin 4 &
tsh> fg %1
Job [1] (908500) stopped by signal 20
tsh> jobs
[1] (908500) Stopped ./myspin 3 &
[2] (908502) Running ./myspin 4 &
tsh> bg %3
%3: No such job
tsh> bg %1
[1] (908500) ./myspin 3 &
tsh> jobs
[1] (908500) Running ./myspin 3 &
[2] (908502) Running ./myspin 4 &
tsh> fg %1
tsh> quit
./sdriver.pl -t trace16.txt -s ./tsh -a "-p"
#
# trace16.txt - Tests whether the shell can handle SIGTSTP and SIGINT
#     signals that come from other processes instead of the terminal.
#
tsh> ./mystop 2
Job [1] (908516) stopped by signal 20
tsh> jobs
[1] (908516) Stopped ./mystop 2
tsh> ./myint 2
Job [2] (908523) terminated by signal 2
